<?xml version="1.0" encoding="UTF-8"?>
<testng-results ignored="0" total="1" passed="1" failed="0" skipped="0">
  <reporter-output>
  </reporter-output>
  <suite started-at="2019-08-25T08:58:29Z" name="Default suite" finished-at="2019-08-25T08:59:36Z" duration-ms="67485">
    <groups>
    </groups>
    <test started-at="2019-08-25T08:58:29Z" name="Default test" finished-at="2019-08-25T08:59:36Z" duration-ms="67485">
      <class name="com.testcase.verifyAmazonFlipkartPrice">
        <test-method signature="amazonFlipkart_PriceComparison()[pri:0, instance:com.testcase.verifyAmazonFlipkartPrice@2cd76f31]" started-at="2019-08-25T14:28:29Z" name="amazonFlipkart_PriceComparison" finished-at="2019-08-25T14:29:36Z" duration-ms="67458" status="PASS">
          <reporter-output>
          </reporter-output>
        </test-method> <!-- amazonFlipkart_PriceComparison -->
      </class> <!-- com.testcase.verifyAmazonFlipkartPrice -->
    </test> <!-- Default test -->
  </suite> <!-- Default suite -->
</testng-results>
