<?xml version="1.0" encoding="UTF-8"?>
<testng-results ignored="0" total="1" passed="1" failed="0" skipped="0">
  <reporter-output>
  </reporter-output>
  <suite started-at="2019-08-25T08:48:55Z" name="Default suite" finished-at="2019-08-25T08:49:45Z" duration-ms="50302">
    <groups>
    </groups>
    <test started-at="2019-08-25T08:48:55Z" name="Default test" finished-at="2019-08-25T08:49:45Z" duration-ms="50302">
      <class name="com.flipkart.TestCases.verifyFlipkartLogin">
        <test-method signature="verifyFlipkartValidLogin()[pri:0, instance:com.flipkart.TestCases.verifyFlipkartLogin@2cd76f31]" started-at="2019-08-25T14:18:55Z" name="verifyFlipkartValidLogin" finished-at="2019-08-25T14:19:45Z" duration-ms="50273" status="PASS">
          <reporter-output>
          </reporter-output>
        </test-method> <!-- verifyFlipkartValidLogin -->
      </class> <!-- com.flipkart.TestCases.verifyFlipkartLogin -->
    </test> <!-- Default test -->
  </suite> <!-- Default suite -->
</testng-results>
